[ pid=8445 thr=3068984176 file=ext/nginx/HelperAgent.cpp:574 time=2011-05-12 23:29:23.711 ]: Couldn't forward the HTTP response back to the HTTP client: It seems the user clicked on the 'Stop' button in his browser.
[ pid=8992 thr=3067480944 file=ext/nginx/HelperAgent.cpp:574 time=2011-05-12 23:40:45.614 ]: Couldn't forward the HTTP response back to the HTTP client: It seems the user clicked on the 'Stop' button in his browser.
[ pid=9040 thr=-608517928 file=utils.rb:176 time=2011-05-12 23:47:23.409 ]: *** Exception SignalException in PhusionPassenger::Rack::ApplicationSpawner (SIGTERM) (process 9040, thread #<Thread:0xb77581b0>):
	from /home/synaptic/.passenger/standalone/3.0.7-x86-ruby1.8.7-linux-gcc4.5.2-1002/support/lib/phusion_passenger/abstract_server.rb:343:in `select'
	from /home/synaptic/.passenger/standalone/3.0.7-x86-ruby1.8.7-linux-gcc4.5.2-1002/support/lib/phusion_passenger/abstract_server.rb:343:in `server_main_loop'
	from /home/synaptic/.passenger/standalone/3.0.7-x86-ruby1.8.7-linux-gcc4.5.2-1002/support/lib/phusion_passenger/abstract_server.rb:206:in `start_synchronously'
	from /home/synaptic/.passenger/standalone/3.0.7-x86-ruby1.8.7-linux-gcc4.5.2-1002/support/lib/phusion_passenger/abstract_server.rb:180:in `start'
	from /home/synaptic/.passenger/standalone/3.0.7-x86-ruby1.8.7-linux-gcc4.5.2-1002/support/lib/phusion_passenger/rack/application_spawner.rb:128:in `start'
	from /home/synaptic/.passenger/standalone/3.0.7-x86-ruby1.8.7-linux-gcc4.5.2-1002/support/lib/phusion_passenger/spawn_manager.rb:253:in `spawn_rack_application'
	from /home/synaptic/.passenger/standalone/3.0.7-x86-ruby1.8.7-linux-gcc4.5.2-1002/support/lib/phusion_passenger/abstract_server_collection.rb:132:in `lookup_or_add'
	from /home/synaptic/.passenger/standalone/3.0.7-x86-ruby1.8.7-linux-gcc4.5.2-1002/support/lib/phusion_passenger/spawn_manager.rb:246:in `spawn_rack_application'
	from /home/synaptic/.passenger/standalone/3.0.7-x86-ruby1.8.7-linux-gcc4.5.2-1002/support/lib/phusion_passenger/abstract_server_collection.rb:82:in `synchronize'
	from /home/synaptic/.passenger/standalone/3.0.7-x86-ruby1.8.7-linux-gcc4.5.2-1002/support/lib/phusion_passenger/abstract_server_collection.rb:79:in `synchronize'
	from /home/synaptic/.passenger/standalone/3.0.7-x86-ruby1.8.7-linux-gcc4.5.2-1002/support/lib/phusion_passenger/spawn_manager.rb:244:in `spawn_rack_application'
	from /home/synaptic/.passenger/standalone/3.0.7-x86-ruby1.8.7-linux-gcc4.5.2-1002/support/lib/phusion_passenger/spawn_manager.rb:137:in `spawn_application'
	from /home/synaptic/.passenger/standalone/3.0.7-x86-ruby1.8.7-linux-gcc4.5.2-1002/support/lib/phusion_passenger/spawn_manager.rb:275:in `handle_spawn_application'
	from /home/synaptic/.passenger/standalone/3.0.7-x86-ruby1.8.7-linux-gcc4.5.2-1002/support/lib/phusion_passenger/abstract_server.rb:357:in `__send__'
	from /home/synaptic/.passenger/standalone/3.0.7-x86-ruby1.8.7-linux-gcc4.5.2-1002/support/lib/phusion_passenger/abstract_server.rb:357:in `server_main_loop'
	from /home/synaptic/.passenger/standalone/3.0.7-x86-ruby1.8.7-linux-gcc4.5.2-1002/support/lib/phusion_passenger/abstract_server.rb:206:in `start_synchronously'
	from /home/synaptic/.passenger/standalone/3.0.7-x86-ruby1.8.7-linux-gcc4.5.2-1002/support/helper-scripts/passenger-spawn-server:99
